[12-Mar-2026 17:21:05 UTC] CONTACT RESPONSE STATUS: 500
[12-Mar-2026 17:21:05 UTC] CONTACT RESPONSE BODY: <!DOCTYPE html>
<html lang="en">
    <head>
        <meta charset="utf-8">
        <meta name="viewport" content="width=device-width, initial-scale=1">

        <title>Server Error</title>

        <style>
            /*! normalize.css v8.0.1 | MIT License | github.com/necolas/normalize.css */html{line-height:1.15;-webkit-text-size-adjust:100%}body{margin:0}a{background-color:transparent}code{font-family:monospace,monospace;font-size:1em}[hidden]{display:none}html{font-family:system-ui,-apple-system,BlinkMacSystemFont,Segoe UI,Roboto,Helvetica Neue,Arial,Noto Sans,sans-serif,Apple Color Emoji,Segoe UI Emoji,Segoe UI Symbol,Noto Color Emoji;line-height:1.5}*,:after,:before{box-sizing:border-box;border:0 solid #e2e8f0}a{color:inherit;text-decoration:inherit}code{font-family:Menlo,Monaco,Consolas,Liberation Mono,Courier New,monospace}svg,video{display:block;vertical-align:middle}video{max-width:100%;height:auto}.bg-white{--bg-opacity:1;background-color:#fff;background-color:rgba(255,255,255,var(--bg-opacity))}.bg-gray-100{--bg-opacity:1;background-color:#f7fafc;background-color:rgba(247,250,252,var(--bg-opacity))}.border-gray-200{--border-opacity:1;border-color:#edf2f7;border-color:rgba(237,242,247,var(--border-opacity))}.border-gray-400{--border-opacity:1;border-color:#cbd5e0;border-color:rgba(203,213,224,var(--border-opacity))}.border-t{border-top-width:1px}.border-r{border-right-width:1px}.flex{display:flex}.grid{display:grid}.hidden{display:none}.items-center{align-items:center}.justify-center{justify-content:center}.font-semibold{font-weight:600}.h-5{height:1.25rem}.h-8{height:2rem}.h-16{height:4rem}.text-sm{font-size:.875rem}.text-lg{font-size:1.125rem}.leading-7{line-height:1.75rem}.mx-auto{margin-left:auto;margin-right:auto}.ml-1{margin-left:.25rem}.mt-2{margin-top:.5rem}.mr-2{margin-right:.5rem}.ml-2{margin-left:.5rem}.mt-4{margin-top:1rem}.ml-4{margin-left:1rem}.mt-8{margin-top:2rem}.ml-12{margin-left:3rem}.-mt-px{margin-top:-1px}.max-w-xl{max-width:36rem}.max-w-6xl{max-width:72rem}.min-h-screen{min-height:100vh}.overflow-hidden{overflow:hidden}.p-6{padding:1.5rem}.py-4{padding-top:1rem;padding-bottom:1rem}.px-4{padding-left:1rem;padding-right:1rem}.px-6{padding-left:1.5rem;padding-right:1.5rem}.pt-8{padding-top:2rem}.fixed{position:fixed}.relative{position:relative}.top-0{top:0}.right-0{right:0}.shadow{box-shadow:0 1px 3px 0 rgba(0,0,0,.1),0 1px 2px 0 rgba(0,0,0,.06)}.text-center{text-align:center}.text-gray-200{--text-opacity:1;color:#edf2f7;color:rgba(237,242,247,var(--text-opacity))}.text-gray-300{--text-opacity:1;color:#e2e8f0;color:rgba(226,232,240,var(--text-opacity))}.text-gray-400{--text-opacity:1;color:#cbd5e0;color:rgba(203,213,224,var(--text-opacity))}.text-gray-500{--text-opacity:1;color:#a0aec0;color:rgba(160,174,192,var(--text-opacity))}.text-gray-600{--text-opacity:1;color:#718096;color:rgba(113,128,150,var(--text-opacity))}.text-gray-700{--text-opacity:1;color:#4a5568;color:rgba(74,85,104,var(--text-opacity))}.text-gray-900{--text-opacity:1;color:#1a202c;color:rgba(26,32,44,var(--text-opacity))}.uppercase{text-transform:uppercase}.underline{text-decoration:underline}.antialiased{-webkit-font-smoothing:antialiased;-moz-osx-font-smoothing:grayscale}.tracking-wider{letter-spacing:.05em}.w-5{width:1.25rem}.w-8{width:2rem}.w-auto{width:auto}.grid-cols-1{grid-template-columns:repeat(1,minmax(0,1fr))}@-webkit-keyframes spin{0%{transform:rotate(0deg)}to{transform:rotate(1turn)}}@keyframes spin{0%{transform:rotate(0deg)}to{transform:rotate(1turn)}}@-webkit-keyframes ping{0%{transform:scale(1);opacity:1}75%,to{transform:scale(2);opacity:0}}@keyframes ping{0%{transform:scale(1);opacity:1}75%,to{transform:scale(2);opacity:0}}@-webkit-keyframes pulse{0%,to{opacity:1}50%{opacity:.5}}@keyframes pulse{0%,to{opacity:1}50%{opacity:.5}}@-webkit-keyframes bounce{0%,to{transform:translateY(-25%);-webkit-animation-timing-function:cubic-bezier(.8,0,1,1);animation-timing-function:cubic-bezier(.8,0,1,1)}50%{transform:translateY(0);-webkit-animation-timing-function:cubic-bezier(0,0,.2,1);animation-timing-function:cubic-bezier(0,0,.2,1)}}@keyframes bounce{0%,to{transform:translateY(-25%);-webkit-animation-timing-function:cubic-bezier(.8,0,1,1);animation-timing-function:cubic-bezier(.8,0,1,1)}50%{transform:translateY(0);-webkit-animation-timing-function:cubic-bezier(0,0,.2,1);animation-timing-function:cubic-bezier(0,0,.2,1)}}@media (min-width:640px){.sm\:rounded-lg{border-radius:.5rem}.sm\:block{display:block}.sm\:items-center{align-items:center}.sm\:justify-start{justify-content:flex-start}.sm\:justify-between{justify-content:space-between}.sm\:h-20{height:5rem}.sm\:ml-0{margin-left:0}.sm\:px-6{padding-left:1.5rem;padding-right:1.5rem}.sm\:pt-0{padding-top:0}.sm\:text-left{text-align:left}.sm\:text-right{text-align:right}}@media (min-width:768px){.md\:border-t-0{border-top-width:0}.md\:border-l{border-left-width:1px}.md\:grid-cols-2{grid-template-columns:repeat(2,minmax(0,1fr))}}@media (min-width:1024px){.lg\:px-8{padding-left:2rem;padding-right:2rem}}@media (prefers-color-scheme:dark){.dark\:bg-gray-800{--bg-opacity:1;background-color:#2d3748;background-color:rgba(45,55,72,var(--bg-opacity))}.dark\:bg-gray-900{--bg-opacity:1;background-color:#1a202c;background-color:rgba(26,32,44,var(--bg-opacity))}.dark\:border-gray-700{--border-opacity:1;border-color:#4a5568;border-color:rgba(74,85,104,var(--border-opacity))}.dark\:text-white{--text-opacity:1;color:#fff;color:rgba(255,255,255,var(--text-opacity))}.dark\:text-gray-300 { --text-opacity: 1; color: #e2e8f0; color: rgba(226,232,240,var(--text-opacity)) }}
        </style>

        <style>
            body {
                font-family: ui-sans-serif, system-ui, -apple-system, BlinkMacSystemFont, "Segoe UI", Roboto, "Helvetica Neue", Arial, "Noto Sans", sans-serif, "Apple Color Emoji", "Segoe UI Emoji", "Segoe UI Symbol", "Noto Color Emoji";
            }
        </style>
    </head>
    <body class="antialiased">
        <div class="relative flex items-top justify-center min-h-screen bg-gray-100 dark:bg-gray-900 sm:items-center sm:pt-0" role="main">
            <div class="max-w-xl mx-auto sm:px-6 lg:px-8">
                <div class="flex items-center pt-8 sm:justify-start sm:pt-0">
                    <h1 class="px-4 text-lg dark:text-gray-300 text-gray-700 border-r border-gray-400 tracking-wider">
                        500                    </h1>

                    <div class="ml-4 text-lg dark:text-gray-300 text-gray-700 uppercase tracking-wider">
                        Server Error                    </div>
                </div>
            </div>
        </div>
    </body>
</html>

[12-Mar-2026 17:21:05 UTC] CONTACT FAILED: 
[12-Mar-2026 17:25:20 UTC] CONTACT RESPONSE STATUS: 500
[12-Mar-2026 17:25:20 UTC] CONTACT RESPONSE BODY: <!DOCTYPE html>
<html lang="en">
    <head>
        <meta charset="utf-8">
        <meta name="viewport" content="width=device-width, initial-scale=1">

        <title>Server Error</title>

        <style>
            /*! normalize.css v8.0.1 | MIT License | github.com/necolas/normalize.css */html{line-height:1.15;-webkit-text-size-adjust:100%}body{margin:0}a{background-color:transparent}code{font-family:monospace,monospace;font-size:1em}[hidden]{display:none}html{font-family:system-ui,-apple-system,BlinkMacSystemFont,Segoe UI,Roboto,Helvetica Neue,Arial,Noto Sans,sans-serif,Apple Color Emoji,Segoe UI Emoji,Segoe UI Symbol,Noto Color Emoji;line-height:1.5}*,:after,:before{box-sizing:border-box;border:0 solid #e2e8f0}a{color:inherit;text-decoration:inherit}code{font-family:Menlo,Monaco,Consolas,Liberation Mono,Courier New,monospace}svg,video{display:block;vertical-align:middle}video{max-width:100%;height:auto}.bg-white{--bg-opacity:1;background-color:#fff;background-color:rgba(255,255,255,var(--bg-opacity))}.bg-gray-100{--bg-opacity:1;background-color:#f7fafc;background-color:rgba(247,250,252,var(--bg-opacity))}.border-gray-200{--border-opacity:1;border-color:#edf2f7;border-color:rgba(237,242,247,var(--border-opacity))}.border-gray-400{--border-opacity:1;border-color:#cbd5e0;border-color:rgba(203,213,224,var(--border-opacity))}.border-t{border-top-width:1px}.border-r{border-right-width:1px}.flex{display:flex}.grid{display:grid}.hidden{display:none}.items-center{align-items:center}.justify-center{justify-content:center}.font-semibold{font-weight:600}.h-5{height:1.25rem}.h-8{height:2rem}.h-16{height:4rem}.text-sm{font-size:.875rem}.text-lg{font-size:1.125rem}.leading-7{line-height:1.75rem}.mx-auto{margin-left:auto;margin-right:auto}.ml-1{margin-left:.25rem}.mt-2{margin-top:.5rem}.mr-2{margin-right:.5rem}.ml-2{margin-left:.5rem}.mt-4{margin-top:1rem}.ml-4{margin-left:1rem}.mt-8{margin-top:2rem}.ml-12{margin-left:3rem}.-mt-px{margin-top:-1px}.max-w-xl{max-width:36rem}.max-w-6xl{max-width:72rem}.min-h-screen{min-height:100vh}.overflow-hidden{overflow:hidden}.p-6{padding:1.5rem}.py-4{padding-top:1rem;padding-bottom:1rem}.px-4{padding-left:1rem;padding-right:1rem}.px-6{padding-left:1.5rem;padding-right:1.5rem}.pt-8{padding-top:2rem}.fixed{position:fixed}.relative{position:relative}.top-0{top:0}.right-0{right:0}.shadow{box-shadow:0 1px 3px 0 rgba(0,0,0,.1),0 1px 2px 0 rgba(0,0,0,.06)}.text-center{text-align:center}.text-gray-200{--text-opacity:1;color:#edf2f7;color:rgba(237,242,247,var(--text-opacity))}.text-gray-300{--text-opacity:1;color:#e2e8f0;color:rgba(226,232,240,var(--text-opacity))}.text-gray-400{--text-opacity:1;color:#cbd5e0;color:rgba(203,213,224,var(--text-opacity))}.text-gray-500{--text-opacity:1;color:#a0aec0;color:rgba(160,174,192,var(--text-opacity))}.text-gray-600{--text-opacity:1;color:#718096;color:rgba(113,128,150,var(--text-opacity))}.text-gray-700{--text-opacity:1;color:#4a5568;color:rgba(74,85,104,var(--text-opacity))}.text-gray-900{--text-opacity:1;color:#1a202c;color:rgba(26,32,44,var(--text-opacity))}.uppercase{text-transform:uppercase}.underline{text-decoration:underline}.antialiased{-webkit-font-smoothing:antialiased;-moz-osx-font-smoothing:grayscale}.tracking-wider{letter-spacing:.05em}.w-5{width:1.25rem}.w-8{width:2rem}.w-auto{width:auto}.grid-cols-1{grid-template-columns:repeat(1,minmax(0,1fr))}@-webkit-keyframes spin{0%{transform:rotate(0deg)}to{transform:rotate(1turn)}}@keyframes spin{0%{transform:rotate(0deg)}to{transform:rotate(1turn)}}@-webkit-keyframes ping{0%{transform:scale(1);opacity:1}75%,to{transform:scale(2);opacity:0}}@keyframes ping{0%{transform:scale(1);opacity:1}75%,to{transform:scale(2);opacity:0}}@-webkit-keyframes pulse{0%,to{opacity:1}50%{opacity:.5}}@keyframes pulse{0%,to{opacity:1}50%{opacity:.5}}@-webkit-keyframes bounce{0%,to{transform:translateY(-25%);-webkit-animation-timing-function:cubic-bezier(.8,0,1,1);animation-timing-function:cubic-bezier(.8,0,1,1)}50%{transform:translateY(0);-webkit-animation-timing-function:cubic-bezier(0,0,.2,1);animation-timing-function:cubic-bezier(0,0,.2,1)}}@keyframes bounce{0%,to{transform:translateY(-25%);-webkit-animation-timing-function:cubic-bezier(.8,0,1,1);animation-timing-function:cubic-bezier(.8,0,1,1)}50%{transform:translateY(0);-webkit-animation-timing-function:cubic-bezier(0,0,.2,1);animation-timing-function:cubic-bezier(0,0,.2,1)}}@media (min-width:640px){.sm\:rounded-lg{border-radius:.5rem}.sm\:block{display:block}.sm\:items-center{align-items:center}.sm\:justify-start{justify-content:flex-start}.sm\:justify-between{justify-content:space-between}.sm\:h-20{height:5rem}.sm\:ml-0{margin-left:0}.sm\:px-6{padding-left:1.5rem;padding-right:1.5rem}.sm\:pt-0{padding-top:0}.sm\:text-left{text-align:left}.sm\:text-right{text-align:right}}@media (min-width:768px){.md\:border-t-0{border-top-width:0}.md\:border-l{border-left-width:1px}.md\:grid-cols-2{grid-template-columns:repeat(2,minmax(0,1fr))}}@media (min-width:1024px){.lg\:px-8{padding-left:2rem;padding-right:2rem}}@media (prefers-color-scheme:dark){.dark\:bg-gray-800{--bg-opacity:1;background-color:#2d3748;background-color:rgba(45,55,72,var(--bg-opacity))}.dark\:bg-gray-900{--bg-opacity:1;background-color:#1a202c;background-color:rgba(26,32,44,var(--bg-opacity))}.dark\:border-gray-700{--border-opacity:1;border-color:#4a5568;border-color:rgba(74,85,104,var(--border-opacity))}.dark\:text-white{--text-opacity:1;color:#fff;color:rgba(255,255,255,var(--text-opacity))}.dark\:text-gray-300 { --text-opacity: 1; color: #e2e8f0; color: rgba(226,232,240,var(--text-opacity)) }}
        </style>

        <style>
            body {
                font-family: ui-sans-serif, system-ui, -apple-system, BlinkMacSystemFont, "Segoe UI", Roboto, "Helvetica Neue", Arial, "Noto Sans", sans-serif, "Apple Color Emoji", "Segoe UI Emoji", "Segoe UI Symbol", "Noto Color Emoji";
            }
        </style>
    </head>
    <body class="antialiased">
        <div class="relative flex items-top justify-center min-h-screen bg-gray-100 dark:bg-gray-900 sm:items-center sm:pt-0" role="main">
            <div class="max-w-xl mx-auto sm:px-6 lg:px-8">
                <div class="flex items-center pt-8 sm:justify-start sm:pt-0">
                    <h1 class="px-4 text-lg dark:text-gray-300 text-gray-700 border-r border-gray-400 tracking-wider">
                        500                    </h1>

                    <div class="ml-4 text-lg dark:text-gray-300 text-gray-700 uppercase tracking-wider">
                        Server Error                    </div>
                </div>
            </div>
        </div>
    </body>
</html>

[12-Mar-2026 17:25:20 UTC] CONTACT FAILED: 
[12-Mar-2026 17:33:30 UTC] CONTACT RESPONSE STATUS: 500
[12-Mar-2026 17:33:30 UTC] CONTACT RESPONSE BODY: <!DOCTYPE html>
<html lang="en">
    <head>
        <meta charset="utf-8">
        <meta name="viewport" content="width=device-width, initial-scale=1">

        <title>Server Error</title>

        <style>
            /*! normalize.css v8.0.1 | MIT License | github.com/necolas/normalize.css */html{line-height:1.15;-webkit-text-size-adjust:100%}body{margin:0}a{background-color:transparent}code{font-family:monospace,monospace;font-size:1em}[hidden]{display:none}html{font-family:system-ui,-apple-system,BlinkMacSystemFont,Segoe UI,Roboto,Helvetica Neue,Arial,Noto Sans,sans-serif,Apple Color Emoji,Segoe UI Emoji,Segoe UI Symbol,Noto Color Emoji;line-height:1.5}*,:after,:before{box-sizing:border-box;border:0 solid #e2e8f0}a{color:inherit;text-decoration:inherit}code{font-family:Menlo,Monaco,Consolas,Liberation Mono,Courier New,monospace}svg,video{display:block;vertical-align:middle}video{max-width:100%;height:auto}.bg-white{--bg-opacity:1;background-color:#fff;background-color:rgba(255,255,255,var(--bg-opacity))}.bg-gray-100{--bg-opacity:1;background-color:#f7fafc;background-color:rgba(247,250,252,var(--bg-opacity))}.border-gray-200{--border-opacity:1;border-color:#edf2f7;border-color:rgba(237,242,247,var(--border-opacity))}.border-gray-400{--border-opacity:1;border-color:#cbd5e0;border-color:rgba(203,213,224,var(--border-opacity))}.border-t{border-top-width:1px}.border-r{border-right-width:1px}.flex{display:flex}.grid{display:grid}.hidden{display:none}.items-center{align-items:center}.justify-center{justify-content:center}.font-semibold{font-weight:600}.h-5{height:1.25rem}.h-8{height:2rem}.h-16{height:4rem}.text-sm{font-size:.875rem}.text-lg{font-size:1.125rem}.leading-7{line-height:1.75rem}.mx-auto{margin-left:auto;margin-right:auto}.ml-1{margin-left:.25rem}.mt-2{margin-top:.5rem}.mr-2{margin-right:.5rem}.ml-2{margin-left:.5rem}.mt-4{margin-top:1rem}.ml-4{margin-left:1rem}.mt-8{margin-top:2rem}.ml-12{margin-left:3rem}.-mt-px{margin-top:-1px}.max-w-xl{max-width:36rem}.max-w-6xl{max-width:72rem}.min-h-screen{min-height:100vh}.overflow-hidden{overflow:hidden}.p-6{padding:1.5rem}.py-4{padding-top:1rem;padding-bottom:1rem}.px-4{padding-left:1rem;padding-right:1rem}.px-6{padding-left:1.5rem;padding-right:1.5rem}.pt-8{padding-top:2rem}.fixed{position:fixed}.relative{position:relative}.top-0{top:0}.right-0{right:0}.shadow{box-shadow:0 1px 3px 0 rgba(0,0,0,.1),0 1px 2px 0 rgba(0,0,0,.06)}.text-center{text-align:center}.text-gray-200{--text-opacity:1;color:#edf2f7;color:rgba(237,242,247,var(--text-opacity))}.text-gray-300{--text-opacity:1;color:#e2e8f0;color:rgba(226,232,240,var(--text-opacity))}.text-gray-400{--text-opacity:1;color:#cbd5e0;color:rgba(203,213,224,var(--text-opacity))}.text-gray-500{--text-opacity:1;color:#a0aec0;color:rgba(160,174,192,var(--text-opacity))}.text-gray-600{--text-opacity:1;color:#718096;color:rgba(113,128,150,var(--text-opacity))}.text-gray-700{--text-opacity:1;color:#4a5568;color:rgba(74,85,104,var(--text-opacity))}.text-gray-900{--text-opacity:1;color:#1a202c;color:rgba(26,32,44,var(--text-opacity))}.uppercase{text-transform:uppercase}.underline{text-decoration:underline}.antialiased{-webkit-font-smoothing:antialiased;-moz-osx-font-smoothing:grayscale}.tracking-wider{letter-spacing:.05em}.w-5{width:1.25rem}.w-8{width:2rem}.w-auto{width:auto}.grid-cols-1{grid-template-columns:repeat(1,minmax(0,1fr))}@-webkit-keyframes spin{0%{transform:rotate(0deg)}to{transform:rotate(1turn)}}@keyframes spin{0%{transform:rotate(0deg)}to{transform:rotate(1turn)}}@-webkit-keyframes ping{0%{transform:scale(1);opacity:1}75%,to{transform:scale(2);opacity:0}}@keyframes ping{0%{transform:scale(1);opacity:1}75%,to{transform:scale(2);opacity:0}}@-webkit-keyframes pulse{0%,to{opacity:1}50%{opacity:.5}}@keyframes pulse{0%,to{opacity:1}50%{opacity:.5}}@-webkit-keyframes bounce{0%,to{transform:translateY(-25%);-webkit-animation-timing-function:cubic-bezier(.8,0,1,1);animation-timing-function:cubic-bezier(.8,0,1,1)}50%{transform:translateY(0);-webkit-animation-timing-function:cubic-bezier(0,0,.2,1);animation-timing-function:cubic-bezier(0,0,.2,1)}}@keyframes bounce{0%,to{transform:translateY(-25%);-webkit-animation-timing-function:cubic-bezier(.8,0,1,1);animation-timing-function:cubic-bezier(.8,0,1,1)}50%{transform:translateY(0);-webkit-animation-timing-function:cubic-bezier(0,0,.2,1);animation-timing-function:cubic-bezier(0,0,.2,1)}}@media (min-width:640px){.sm\:rounded-lg{border-radius:.5rem}.sm\:block{display:block}.sm\:items-center{align-items:center}.sm\:justify-start{justify-content:flex-start}.sm\:justify-between{justify-content:space-between}.sm\:h-20{height:5rem}.sm\:ml-0{margin-left:0}.sm\:px-6{padding-left:1.5rem;padding-right:1.5rem}.sm\:pt-0{padding-top:0}.sm\:text-left{text-align:left}.sm\:text-right{text-align:right}}@media (min-width:768px){.md\:border-t-0{border-top-width:0}.md\:border-l{border-left-width:1px}.md\:grid-cols-2{grid-template-columns:repeat(2,minmax(0,1fr))}}@media (min-width:1024px){.lg\:px-8{padding-left:2rem;padding-right:2rem}}@media (prefers-color-scheme:dark){.dark\:bg-gray-800{--bg-opacity:1;background-color:#2d3748;background-color:rgba(45,55,72,var(--bg-opacity))}.dark\:bg-gray-900{--bg-opacity:1;background-color:#1a202c;background-color:rgba(26,32,44,var(--bg-opacity))}.dark\:border-gray-700{--border-opacity:1;border-color:#4a5568;border-color:rgba(74,85,104,var(--border-opacity))}.dark\:text-white{--text-opacity:1;color:#fff;color:rgba(255,255,255,var(--text-opacity))}.dark\:text-gray-300 { --text-opacity: 1; color: #e2e8f0; color: rgba(226,232,240,var(--text-opacity)) }}
        </style>

        <style>
            body {
                font-family: ui-sans-serif, system-ui, -apple-system, BlinkMacSystemFont, "Segoe UI", Roboto, "Helvetica Neue", Arial, "Noto Sans", sans-serif, "Apple Color Emoji", "Segoe UI Emoji", "Segoe UI Symbol", "Noto Color Emoji";
            }
        </style>
    </head>
    <body class="antialiased">
        <div class="relative flex items-top justify-center min-h-screen bg-gray-100 dark:bg-gray-900 sm:items-center sm:pt-0" role="main">
            <div class="max-w-xl mx-auto sm:px-6 lg:px-8">
                <div class="flex items-center pt-8 sm:justify-start sm:pt-0">
                    <h1 class="px-4 text-lg dark:text-gray-300 text-gray-700 border-r border-gray-400 tracking-wider">
                        500                    </h1>

                    <div class="ml-4 text-lg dark:text-gray-300 text-gray-700 uppercase tracking-wider">
                        Server Error                    </div>
                </div>
            </div>
        </div>
    </body>
</html>

[12-Mar-2026 17:33:30 UTC] CONTACT FAILED: 
[12-Mar-2026 17:35:25 UTC] CONTACT RESPONSE STATUS: 500
[12-Mar-2026 17:35:25 UTC] CONTACT RESPONSE BODY: <!DOCTYPE html>
<html lang="en">
    <head>
        <meta charset="utf-8">
        <meta name="viewport" content="width=device-width, initial-scale=1">

        <title>Server Error</title>

        <style>
            /*! normalize.css v8.0.1 | MIT License | github.com/necolas/normalize.css */html{line-height:1.15;-webkit-text-size-adjust:100%}body{margin:0}a{background-color:transparent}code{font-family:monospace,monospace;font-size:1em}[hidden]{display:none}html{font-family:system-ui,-apple-system,BlinkMacSystemFont,Segoe UI,Roboto,Helvetica Neue,Arial,Noto Sans,sans-serif,Apple Color Emoji,Segoe UI Emoji,Segoe UI Symbol,Noto Color Emoji;line-height:1.5}*,:after,:before{box-sizing:border-box;border:0 solid #e2e8f0}a{color:inherit;text-decoration:inherit}code{font-family:Menlo,Monaco,Consolas,Liberation Mono,Courier New,monospace}svg,video{display:block;vertical-align:middle}video{max-width:100%;height:auto}.bg-white{--bg-opacity:1;background-color:#fff;background-color:rgba(255,255,255,var(--bg-opacity))}.bg-gray-100{--bg-opacity:1;background-color:#f7fafc;background-color:rgba(247,250,252,var(--bg-opacity))}.border-gray-200{--border-opacity:1;border-color:#edf2f7;border-color:rgba(237,242,247,var(--border-opacity))}.border-gray-400{--border-opacity:1;border-color:#cbd5e0;border-color:rgba(203,213,224,var(--border-opacity))}.border-t{border-top-width:1px}.border-r{border-right-width:1px}.flex{display:flex}.grid{display:grid}.hidden{display:none}.items-center{align-items:center}.justify-center{justify-content:center}.font-semibold{font-weight:600}.h-5{height:1.25rem}.h-8{height:2rem}.h-16{height:4rem}.text-sm{font-size:.875rem}.text-lg{font-size:1.125rem}.leading-7{line-height:1.75rem}.mx-auto{margin-left:auto;margin-right:auto}.ml-1{margin-left:.25rem}.mt-2{margin-top:.5rem}.mr-2{margin-right:.5rem}.ml-2{margin-left:.5rem}.mt-4{margin-top:1rem}.ml-4{margin-left:1rem}.mt-8{margin-top:2rem}.ml-12{margin-left:3rem}.-mt-px{margin-top:-1px}.max-w-xl{max-width:36rem}.max-w-6xl{max-width:72rem}.min-h-screen{min-height:100vh}.overflow-hidden{overflow:hidden}.p-6{padding:1.5rem}.py-4{padding-top:1rem;padding-bottom:1rem}.px-4{padding-left:1rem;padding-right:1rem}.px-6{padding-left:1.5rem;padding-right:1.5rem}.pt-8{padding-top:2rem}.fixed{position:fixed}.relative{position:relative}.top-0{top:0}.right-0{right:0}.shadow{box-shadow:0 1px 3px 0 rgba(0,0,0,.1),0 1px 2px 0 rgba(0,0,0,.06)}.text-center{text-align:center}.text-gray-200{--text-opacity:1;color:#edf2f7;color:rgba(237,242,247,var(--text-opacity))}.text-gray-300{--text-opacity:1;color:#e2e8f0;color:rgba(226,232,240,var(--text-opacity))}.text-gray-400{--text-opacity:1;color:#cbd5e0;color:rgba(203,213,224,var(--text-opacity))}.text-gray-500{--text-opacity:1;color:#a0aec0;color:rgba(160,174,192,var(--text-opacity))}.text-gray-600{--text-opacity:1;color:#718096;color:rgba(113,128,150,var(--text-opacity))}.text-gray-700{--text-opacity:1;color:#4a5568;color:rgba(74,85,104,var(--text-opacity))}.text-gray-900{--text-opacity:1;color:#1a202c;color:rgba(26,32,44,var(--text-opacity))}.uppercase{text-transform:uppercase}.underline{text-decoration:underline}.antialiased{-webkit-font-smoothing:antialiased;-moz-osx-font-smoothing:grayscale}.tracking-wider{letter-spacing:.05em}.w-5{width:1.25rem}.w-8{width:2rem}.w-auto{width:auto}.grid-cols-1{grid-template-columns:repeat(1,minmax(0,1fr))}@-webkit-keyframes spin{0%{transform:rotate(0deg)}to{transform:rotate(1turn)}}@keyframes spin{0%{transform:rotate(0deg)}to{transform:rotate(1turn)}}@-webkit-keyframes ping{0%{transform:scale(1);opacity:1}75%,to{transform:scale(2);opacity:0}}@keyframes ping{0%{transform:scale(1);opacity:1}75%,to{transform:scale(2);opacity:0}}@-webkit-keyframes pulse{0%,to{opacity:1}50%{opacity:.5}}@keyframes pulse{0%,to{opacity:1}50%{opacity:.5}}@-webkit-keyframes bounce{0%,to{transform:translateY(-25%);-webkit-animation-timing-function:cubic-bezier(.8,0,1,1);animation-timing-function:cubic-bezier(.8,0,1,1)}50%{transform:translateY(0);-webkit-animation-timing-function:cubic-bezier(0,0,.2,1);animation-timing-function:cubic-bezier(0,0,.2,1)}}@keyframes bounce{0%,to{transform:translateY(-25%);-webkit-animation-timing-function:cubic-bezier(.8,0,1,1);animation-timing-function:cubic-bezier(.8,0,1,1)}50%{transform:translateY(0);-webkit-animation-timing-function:cubic-bezier(0,0,.2,1);animation-timing-function:cubic-bezier(0,0,.2,1)}}@media (min-width:640px){.sm\:rounded-lg{border-radius:.5rem}.sm\:block{display:block}.sm\:items-center{align-items:center}.sm\:justify-start{justify-content:flex-start}.sm\:justify-between{justify-content:space-between}.sm\:h-20{height:5rem}.sm\:ml-0{margin-left:0}.sm\:px-6{padding-left:1.5rem;padding-right:1.5rem}.sm\:pt-0{padding-top:0}.sm\:text-left{text-align:left}.sm\:text-right{text-align:right}}@media (min-width:768px){.md\:border-t-0{border-top-width:0}.md\:border-l{border-left-width:1px}.md\:grid-cols-2{grid-template-columns:repeat(2,minmax(0,1fr))}}@media (min-width:1024px){.lg\:px-8{padding-left:2rem;padding-right:2rem}}@media (prefers-color-scheme:dark){.dark\:bg-gray-800{--bg-opacity:1;background-color:#2d3748;background-color:rgba(45,55,72,var(--bg-opacity))}.dark\:bg-gray-900{--bg-opacity:1;background-color:#1a202c;background-color:rgba(26,32,44,var(--bg-opacity))}.dark\:border-gray-700{--border-opacity:1;border-color:#4a5568;border-color:rgba(74,85,104,var(--border-opacity))}.dark\:text-white{--text-opacity:1;color:#fff;color:rgba(255,255,255,var(--text-opacity))}.dark\:text-gray-300 { --text-opacity: 1; color: #e2e8f0; color: rgba(226,232,240,var(--text-opacity)) }}
        </style>

        <style>
            body {
                font-family: ui-sans-serif, system-ui, -apple-system, BlinkMacSystemFont, "Segoe UI", Roboto, "Helvetica Neue", Arial, "Noto Sans", sans-serif, "Apple Color Emoji", "Segoe UI Emoji", "Segoe UI Symbol", "Noto Color Emoji";
            }
        </style>
    </head>
    <body class="antialiased">
        <div class="relative flex items-top justify-center min-h-screen bg-gray-100 dark:bg-gray-900 sm:items-center sm:pt-0" role="main">
            <div class="max-w-xl mx-auto sm:px-6 lg:px-8">
                <div class="flex items-center pt-8 sm:justify-start sm:pt-0">
                    <h1 class="px-4 text-lg dark:text-gray-300 text-gray-700 border-r border-gray-400 tracking-wider">
                        500                    </h1>

                    <div class="ml-4 text-lg dark:text-gray-300 text-gray-700 uppercase tracking-wider">
                        Server Error                    </div>
                </div>
            </div>
        </div>
    </body>
</html>

[12-Mar-2026 17:35:25 UTC] CONTACT FAILED: 
[12-Mar-2026 18:10:58 UTC] CONTACT FAILED: 
[12-Mar-2026 18:12:25 UTC] CONTACT FAILED: 
[12-Mar-2026 18:15:12 UTC] Automatic updates starting...
[12-Mar-2026 18:15:13 UTC]   Automatic plugin updates starting...
[12-Mar-2026 18:15:13 UTC]   Automatic plugin updates complete.
[12-Mar-2026 18:15:13 UTC] Automatic updates complete.
[12-Mar-2026 18:30:00 UTC] MDC LOGIN STATUS: 200
[12-Mar-2026 18:30:00 UTC] MDC LOGIN BODY: {"message":"\u00a1Login exitoso!","access_token":"6|tJkpvYKq6MV6dJ9MQdEw9TY9BwPflTFuinhEnslU4766d720","user":{"id":1,"name":"Admin Maison","email":"admin@maison.test","created_at":"2026-03-12T18:21:03.000000Z","updated_at":"2026-03-12T18:21:03.000000Z"}}
[12-Mar-2026 18:30:49 UTC] MDC LOGIN STATUS: 200
[12-Mar-2026 18:30:49 UTC] MDC LOGIN BODY: {"message":"\u00a1Login exitoso!","access_token":"7|hYzkyscDYvpdcAr478AO2MFvQv10mnavUJvYIGCw290401a8","user":{"id":1,"name":"Admin Maison","email":"admin@maison.test","created_at":"2026-03-12T18:21:03.000000Z","updated_at":"2026-03-12T18:21:03.000000Z"}}
[12-Mar-2026 18:31:36 UTC] MDC LOGIN STATUS: 200
[12-Mar-2026 18:31:36 UTC] MDC LOGIN BODY: {"message":"\u00a1Login exitoso!","access_token":"8|qEbwXpmbo7SoMpG9Uz57qhZmcyoNsfVJyFh6gl8lae9de2aa","user":{"id":1,"name":"Admin Maison","email":"admin@maison.test","created_at":"2026-03-12T18:21:03.000000Z","updated_at":"2026-03-12T18:21:03.000000Z"}}
[12-Mar-2026 18:32:50 UTC] MDC LOGIN STATUS: 200
[12-Mar-2026 18:32:50 UTC] MDC LOGIN BODY: {"message":"\u00a1Login exitoso!","access_token":"9|DPPSwdXGYdURL8yTvht10CQ2ETwO0tDMFsg2raV81bfeafd3","user":{"id":1,"name":"Admin Maison","email":"admin@maison.test","created_at":"2026-03-12T18:21:03.000000Z","updated_at":"2026-03-12T18:21:03.000000Z"}}
[12-Mar-2026 18:32:58 UTC] MDC LOGIN STATUS: 200
[12-Mar-2026 18:32:58 UTC] MDC LOGIN BODY: {"message":"\u00a1Login exitoso!","access_token":"10|TqAjOd1rnvDyDOX7wnDVARV3IYHJD3ThKZ3mftvu95e21482","user":{"id":1,"name":"Admin Maison","email":"admin@maison.test","created_at":"2026-03-12T18:21:03.000000Z","updated_at":"2026-03-12T18:21:03.000000Z"}}
[12-Mar-2026 18:33:03 UTC] MDC LOGIN STATUS: 200
[12-Mar-2026 18:33:03 UTC] MDC LOGIN BODY: {"message":"\u00a1Login exitoso!","access_token":"11|NWR4vqRLeNQDStD0MtIEEES4qpqUfsY8FMPoWbVe933110c5","user":{"id":1,"name":"Admin Maison","email":"admin@maison.test","created_at":"2026-03-12T18:21:03.000000Z","updated_at":"2026-03-12T18:21:03.000000Z"}}
[12-Mar-2026 18:33:03 UTC] PHP Warning:  Cannot modify header information - headers already sent by (output started at C:\laragon\www\maison\wp-admin\menu-header.php:294) in C:\laragon\www\maison\wp-includes\pluggable.php on line 1531
[12-Mar-2026 18:33:03 UTC] PHP Warning:  Cannot modify header information - headers already sent by (output started at C:\laragon\www\maison\wp-admin\menu-header.php:294) in C:\laragon\www\maison\wp-includes\pluggable.php on line 1534
[12-Mar-2026 18:34:11 UTC] MDC LOGIN STATUS: 200
[12-Mar-2026 18:34:11 UTC] MDC LOGIN BODY: {"message":"\u00a1Login exitoso!","access_token":"12|hX1jrm5zMkkiPOcFfeEOQHoV5YED8xuyXZeNwHxLc9fdb680","user":{"id":1,"name":"Admin Maison","email":"admin@maison.test","created_at":"2026-03-12T18:21:03.000000Z","updated_at":"2026-03-12T18:21:03.000000Z"}}
[12-Mar-2026 18:34:12 UTC] PHP Warning:  Cannot modify header information - headers already sent by (output started at C:\laragon\www\maison\wp-admin\menu-header.php:294) in C:\laragon\www\maison\wp-includes\pluggable.php on line 1531
[12-Mar-2026 18:34:12 UTC] PHP Warning:  Cannot modify header information - headers already sent by (output started at C:\laragon\www\maison\wp-admin\menu-header.php:294) in C:\laragon\www\maison\wp-includes\pluggable.php on line 1534
[12-Mar-2026 18:34:16 UTC] MDC LOGIN STATUS: 200
[12-Mar-2026 18:34:16 UTC] MDC LOGIN BODY: {"message":"\u00a1Login exitoso!","access_token":"13|VrBblAooROThanYYgdszA4OwGkQzm0b7VNDYIZK0778f0702","user":{"id":1,"name":"Admin Maison","email":"admin@maison.test","created_at":"2026-03-12T18:21:03.000000Z","updated_at":"2026-03-12T18:21:03.000000Z"}}
[13-Mar-2026 15:08:58 UTC] Automatic updates starting...
[13-Mar-2026 15:08:58 UTC]   Automatic plugin updates starting...
[13-Mar-2026 15:08:58 UTC]   Automatic plugin updates complete.
[13-Mar-2026 15:08:58 UTC] Automatic updates complete.
[14-Mar-2026 18:30:34 UTC] PHP Warning:  wp_version_check(): Ha ocurrido un error inesperado. Puede que algo vaya mal con WordPress.org o la configuración de este servidor. Si sigues teniendo problemas, por favor, prueba en los <a href="https://es.wordpress.org/support/">foros de soporte</a>. (WordPress no ha podido establecer una conexión segura con WordPress.org. Por favor, contacta con el administrador de tu servidor). in C:\laragon\www\maison\wp-includes\functions.php on line 6131
[14-Mar-2026 18:30:35 UTC] PHP Warning:  wp_update_plugins(): Ha ocurrido un error inesperado. Puede que algo vaya mal con WordPress.org o la configuración de este servidor. Si sigues teniendo problemas, por favor, prueba en los <a href="https://es.wordpress.org/support/">foros de soporte</a>. (WordPress no ha podido establecer una conexión segura con WordPress.org. Por favor, contacta con el administrador de tu servidor). in C:\laragon\www\maison\wp-includes\functions.php on line 6131
[14-Mar-2026 18:30:35 UTC] PHP Warning:  wp_update_themes(): Ha ocurrido un error inesperado. Puede que algo vaya mal con WordPress.org o la configuración de este servidor. Si sigues teniendo problemas, por favor, prueba en los <a href="https://es.wordpress.org/support/">foros de soporte</a>. (WordPress no ha podido establecer una conexión segura con WordPress.org. Por favor, contacta con el administrador de tu servidor). in C:\laragon\www\maison\wp-includes\functions.php on line 6131
[14-Mar-2026 18:30:52 UTC] PHP Warning:  translations_api(): Ha ocurrido un error inesperado. Puede que algo vaya mal con WordPress.org o la configuración de este servidor. Si sigues teniendo problemas, por favor, prueba en los <a href="https://es.wordpress.org/support/">foros de soporte</a>. (WordPress no ha podido establecer una conexión segura con WordPress.org. Por favor, contacta con el administrador de tu servidor). in C:\laragon\www\maison\wp-includes\functions.php on line 6131
[14-Mar-2026 18:49:51 UTC] MDC LOGIN STATUS: 401
[14-Mar-2026 18:49:51 UTC] MDC LOGIN BODY: {"message":"Credenciales incorrectas. Revisa tu email o contrase\u00f1a."}
[14-Mar-2026 18:51:58 UTC] RESERVATION FAILED: 
[14-Mar-2026 18:53:31 UTC] RESERVATION FAILED: 
[14-Mar-2026 18:55:05 UTC] RESERVATION FAILED: 
[14-Mar-2026 18:56:37 UTC] RESERVATION FAILED: 
[14-Mar-2026 18:58:39 UTC] RESERVATION CODE: 201
[14-Mar-2026 18:58:39 UTC] RESERVATION BODY: {"success":true,"message":"Reservation created successfully.","data":{"first_name":"Alejandro","last_name":"Su\u00e1rez Dur\u00e1n","email":"asuadur14@gmail.com","phone":"55629526","date":"2026-03-26","time":"23:57","guests":"3","section":"private","notes":"sa","updated_at":"2026-03-14T18:58:39.000000Z","created_at":"2026-03-14T18:58:39.000000Z","id":2}}
[14-Mar-2026 19:01:29 UTC] RESERVATION CODE: 201
[14-Mar-2026 19:01:29 UTC] RESERVATION BODY: {"success":true,"message":"Reservation created successfully.","data":{"first_name":"Alejandro","last_name":"Su\u00e1rez Dur\u00e1n","email":"asuadur14@gmail.com","phone":"55629526","date":"2026-03-27","time":"01:08","guests":"7+","section":"terrace","notes":"SASA","updated_at":"2026-03-14T19:01:29.000000Z","created_at":"2026-03-14T19:01:29.000000Z","id":3}}
[14-Mar-2026 19:10:12 UTC] MDR LOGIN WP_ERROR: cURL error 28: Operation timed out after 15013 milliseconds with 0 bytes received
[14-Mar-2026 19:10:31 UTC] MDC LOGIN WP_ERROR: cURL error 28: Operation timed out after 15004 milliseconds with 0 bytes received
[14-Mar-2026 19:14:09 UTC] RESERVATION CODE: 201
[14-Mar-2026 19:14:09 UTC] RESERVATION BODY: {"success":true,"message":"Reservation created successfully.","data":{"first_name":"Alejandro","last_name":"Su\u00e1rez Dur\u00e1n","email":"asuadur14@gmail.com","phone":"55629526","date":"2026-03-26","time":"01:14","guests":"7+","section":"interior","notes":"sas","updated_at":"2026-03-14T19:14:09.000000Z","created_at":"2026-03-14T19:14:09.000000Z","id":4}}
[14-Mar-2026 19:14:32 UTC] RESERVATION CODE: 201
[14-Mar-2026 19:14:32 UTC] RESERVATION BODY: {"success":true,"message":"Reservation created successfully.","data":{"first_name":"Alejandro","last_name":"Su\u00e1rez Dur\u00e1n","email":"asuadur14@gmail.com","phone":"55629526","date":"2026-03-26","time":"01:14","guests":"7+","section":"interior","notes":"sas","updated_at":"2026-03-14T19:14:32.000000Z","created_at":"2026-03-14T19:14:32.000000Z","id":5}}
[14-Mar-2026 19:20:14 UTC] MDC LOGIN STATUS: 401
[14-Mar-2026 19:20:14 UTC] MDC LOGIN BODY: {"message":"Credenciales incorrectas. Revisa tu email o contrase\u00f1a."}
[14-Mar-2026 19:20:29 UTC] MDC LOGIN STATUS: 200
[14-Mar-2026 19:20:29 UTC] MDC LOGIN BODY: {"message":"\u00a1Login exitoso!","access_token":"9|7C5kd4Lxb79Z3Yzx8k95NDojTNB2jhUZS1tF62Wt27661de7","user":{"id":5,"name":"Admin Maison","email":"proyectomaison20@gmail.com","email_verified_at":"2026-03-14 19:18:47","created_at":"2026-03-14T19:17:17.000000Z","updated_at":"2026-03-14T19:18:47.000000Z"}}
[14-Mar-2026 19:34:44 UTC] MDC LOGIN STATUS: 200
[14-Mar-2026 19:34:44 UTC] MDC LOGIN BODY: {"message":"\u00a1Login exitoso!","access_token":"4|XJJhs9FH6N4JIyOMG0YhydMOpIzWw6SWW57Qk9Xkd3a51ee7","user":{"id":1,"name":"Admin Maison","email":"proyectomaison20@gmail.com","email_verified_at":"2026-03-14 19:33:53","created_at":"2026-03-14T19:28:29.000000Z","updated_at":"2026-03-14T19:33:53.000000Z"}}
[15-Mar-2026 08:10:09 UTC] Automatic updates starting...
[15-Mar-2026 08:10:10 UTC]   Automatic plugin updates starting...
[15-Mar-2026 08:10:10 UTC]   Automatic plugin updates complete.
[15-Mar-2026 08:10:11 UTC] Automatic updates complete.
